[21:25:59] -mercury.libera.chat- *** Checking Ident
[21:25:59] -mercury.libera.chat- *** Looking up your hostname...
[21:25:59] -mercury.libera.chat- *** Couldn't look up your hostname
[21:26:04] -mercury.libera.chat- *** No Ident response
[21:39:19] -molybdenum.libera.chat- *** Checking Ident
[21:39:19] -molybdenum.libera.chat- *** Looking up your hostname...
[21:39:19] -molybdenum.libera.chat- *** Couldn't look up your hostname
[21:39:24] -molybdenum.libera.chat- *** No Ident response
[21:46:06] -mercury.libera.chat- *** Checking Ident
[21:46:06] -mercury.libera.chat- *** Looking up your hostname...
[21:46:06] -mercury.libera.chat- *** Couldn't look up your hostname
[21:46:10] -mercury.libera.chat- *** No Ident response
[21:50:09] -uranium.libera.chat- *** Checking Ident
[21:50:09] -uranium.libera.chat- *** Looking up your hostname...
[21:50:09] -uranium.libera.chat- *** Couldn't look up your hostname
[21:50:14] -uranium.libera.chat- *** No Ident response
[21:52:21] -uranium.libera.chat- *** Checking Ident
[21:52:21] -uranium.libera.chat- *** Looking up your hostname...
[21:52:21] -uranium.libera.chat- *** Couldn't look up your hostname
[21:52:27] -uranium.libera.chat- *** No Ident response
